Start testing: May 27 13:33 MSK
----------------------------------------------------------
1/1 Testing: check
1/1 Test: check
Command: "/home/daniil/lab09/_builds/check"
Directory: /home/daniil/lab09/_builds
"check" start time: May 27 13:33 MSK
Output:
----------------------------------------------------------
Running main() from /home/daniil/projects/hunter/_Base/12dec07/252be92/babb89e/Build/GTest/Source/googletest/src/gtest_main.cc
[==========] Running 1 test from 1 test suite.
[----------] Global test environment set-up.
[----------] 1 test from Print
[ RUN      ] Print.InFileStream
[       OK ] Print.InFileStream (0 ms)
[----------] 1 test from Print (0 ms total)

[----------] Global test environment tear-down
[==========] 1 test from 1 test suite ran. (0 ms total)
[  PASSED  ] 1 test.
<end of output>
Test time =   0.00 sec
----------------------------------------------------------
Test Passed.
"check" end time: May 27 13:33 MSK
"check" time elapsed: 00:00:00
----------------------------------------------------------

End testing: May 27 13:33 MSK
